[debug] [2023-06-28T08:57:59.141Z] ----------------------------------------------------------------------
[debug] [2023-06-28T08:57:59.143Z] Command:       C:\Program Files\nodejs\node.exe C:\Users\Joviandy Widyananda\AppData\Roaming\npm\node_modules\firebase-tools\lib\bin\firebase.js init
[debug] [2023-06-28T08:57:59.144Z] CLI Version:   12.4.1
[debug] [2023-06-28T08:57:59.144Z] Platform:      win32
[debug] [2023-06-28T08:57:59.144Z] Node Version:  v18.16.0
[debug] [2023-06-28T08:57:59.145Z] Time:          Wed Jun 28 2023 15:57:59 GMT+0700 (Indochina Time)
[debug] [2023-06-28T08:57:59.145Z] ----------------------------------------------------------------------
[debug] 
[debug] [2023-06-28T08:57:59.154Z] > command requires scopes: ["email","openid","https://www.googleapis.com/auth/cloudplatformprojects.readonly","https://www.googleapis.com/auth/firebase","https://www.googleapis.com/auth/cloud-platform"]
[debug] [2023-06-28T08:57:59.155Z] > authorizing via signed-in user (joviandy95@gmail.com)
[info] 
     ######## #### ########  ######## ########     ###     ######  ########
     ##        ##  ##     ## ##       ##     ##  ##   ##  ##       ##
     ######    ##  ########  ######   ########  #########  ######  ######
     ##        ##  ##    ##  ##       ##     ## ##     ##       ## ##
     ##       #### ##     ## ######## ########  ##     ##  ######  ########

You're about to initialize a Firebase project in this directory:

  D:\Document\Skripsi Shiptory

[info] 
=== Project Setup
[info] 
[info] First, let's associate this project directory with a Firebase project.
[info] You can create multiple project aliases by running firebase use --add, 
[info] but for now we'll just set up a default project.
[info] 
[debug] [2023-06-28T08:58:13.451Z] >>> [apiv2][query] GET https://firebase.googleapis.com/v1beta1/projects pageSize=100
[debug] [2023-06-28T08:58:14.521Z] <<< [apiv2][status] GET https://firebase.googleapis.com/v1beta1/projects 200
[debug] [2023-06-28T08:58:14.522Z] <<< [apiv2][body] GET https://firebase.googleapis.com/v1beta1/projects [omitted]
[info] i  Using project shiptory-e5465 (Shiptory) 
[info] 
=== Hosting Setup
[info] 
[info] Your public directory is the folder (relative to your project directory) that
[info] will contain Hosting assets to be uploaded with firebase deploy. If you
[info] have a build process for your assets, use your build's output directory.
[info] 
